<?xml version="1.0" encoding="UTF-8" standalone="yes"?><!DOCTYPE report PUBLIC "-//JACOCO//DTD Report 1.0//EN" "report.dtd"><report name="Service"><sessioninfo id="A-A6N0AS072829236-4302360f" start="1533619042417" dump="1533619044350"/><package name="com/apm/service"><class name="com/apm/service/AdvancedController"><method name="&lt;init&gt;" desc="()V" line="14"><counter type="INSTRUCTION" missed="0" covered="8"/><counter type="LINE" missed="0" covered="2"/><counter type="COMPLEXITY" missed="0" covered="1"/><counter type="METHOD" missed="0" covered="1"/></method><method name="retrieveFile" desc="(Ljava/lang/String;)V" line="21"><counter type="INSTRUCTION" missed="0" covered="93"/><counter type="BRANCH" missed="1" covered="5"/><counter type="LINE" missed="0" covered="15"/><counter type="COMPLEXITY" missed="1" covered="3"/><counter type="METHOD" missed="0" covered="1"/></method><method name="countRow" desc="(Ljava/lang/String;)I" line="42"><counter type="INSTRUCTION" missed="0" covered="20"/><counter type="BRANCH" missed="0" covered="2"/><counter type="LINE" missed="0" covered="6"/><counter type="COMPLEXITY" missed="0" covered="2"/><counter type="METHOD" missed="0" covered="1"/></method><method name="countColumn" desc="(Ljava/lang/String;)Ljava/util/ArrayList;" line="52"><counter type="INSTRUCTION" missed="0" covered="51"/><counter type="BRANCH" missed="0" covered="4"/><counter type="LINE" missed="0" covered="11"/><counter type="COMPLEXITY" missed="0" covered="3"/><counter type="METHOD" missed="0" covered="1"/></method><method name="generateRow" desc="()V" line="67"><counter type="INSTRUCTION" missed="0" covered="13"/><counter type="LINE" missed="0" covered="3"/><counter type="COMPLEXITY" missed="0" covered="1"/><counter type="METHOD" missed="0" covered="1"/></method><method name="generateNewFile" desc="(Ljava/lang/String;)Ljava/lang/String;" line="72"><counter type="INSTRUCTION" missed="0" covered="18"/><counter type="LINE" missed="0" covered="5"/><counter type="COMPLEXITY" missed="0" covered="1"/><counter type="METHOD" missed="0" covered="1"/></method><method name="generateDefaultContent" desc="()V" line="80"><counter type="INSTRUCTION" missed="0" covered="43"/><counter type="BRANCH" missed="0" covered="4"/><counter type="LINE" missed="0" covered="6"/><counter type="COMPLEXITY" missed="0" covered="3"/><counter type="METHOD" missed="0" covered="1"/></method><method name="randomizeArrayList" desc="()V" line="92"><counter type="INSTRUCTION" missed="0" covered="120"/><counter type="BRANCH" missed="0" covered="6"/><counter type="LINE" missed="0" covered="12"/><counter type="COMPLEXITY" missed="0" covered="4"/><counter type="METHOD" missed="0" covered="1"/></method><method name="updateFile" desc="()V" line="109"><counter type="INSTRUCTION" missed="4" covered="27"/><counter type="LINE" missed="3" covered="9"/><counter type="COMPLEXITY" missed="0" covered="1"/><counter type="METHOD" missed="0" covered="1"/></method><method name="assignNewString" desc="(Ljava/lang/StringBuilder;)Ljava/lang/String;" line="127"><counter type="INSTRUCTION" missed="0" covered="71"/><counter type="BRANCH" missed="0" covered="4"/><counter type="LINE" missed="0" covered="8"/><counter type="COMPLEXITY" missed="0" covered="3"/><counter type="METHOD" missed="0" covered="1"/></method><method name="randomAsciiValue" desc="()I" line="140"><counter type="INSTRUCTION" missed="0" covered="4"/><counter type="LINE" missed="0" covered="1"/><counter type="COMPLEXITY" missed="0" covered="1"/><counter type="METHOD" missed="0" covered="1"/></method><method name="searchResult" desc="(Ljava/lang/String;)Ljava/lang/String;" line="144"><counter type="INSTRUCTION" missed="0" covered="117"/><counter type="BRANCH" missed="0" covered="10"/><counter type="LINE" missed="0" covered="19"/><counter type="COMPLEXITY" missed="0" covered="6"/><counter type="METHOD" missed="0" covered="1"/></method><method name="addRow" desc="(ILjava/util/ArrayList;Ljava/util/ArrayList;)V" line="174"><counter type="INSTRUCTION" missed="43" covered="0"/><counter type="BRANCH" missed="2" covered="0"/><counter type="LINE" missed="5" covered="0"/><counter type="COMPLEXITY" missed="2" covered="0"/><counter type="METHOD" missed="1" covered="0"/></method><method name="sortArray" desc="()V" line="182"><counter type="INSTRUCTION" missed="0" covered="74"/><counter type="BRANCH" missed="0" covered="4"/><counter type="LINE" missed="0" covered="9"/><counter type="COMPLEXITY" missed="0" covered="3"/><counter type="METHOD" missed="0" covered="1"/></method><method name="reSplit" desc="(Ljava/lang/Integer;Ljava/util/ArrayList;)V" line="195"><counter type="INSTRUCTION" missed="0" covered="58"/><counter type="BRANCH" missed="0" covered="2"/><counter type="LINE" missed="0" covered="5"/><counter type="COMPLEXITY" missed="0" covered="2"/><counter type="METHOD" missed="0" covered="1"/></method><method name="getKeyList" desc="()Ljava/util/ArrayList;" line="203"><counter type="INSTRUCTION" missed="0" covered="4"/><counter type="LINE" missed="0" covered="1"/><counter type="COMPLEXITY" missed="0" covered="1"/><counter type="METHOD" missed="0" covered="1"/></method><method name="getValueList" desc="()Ljava/util/ArrayList;" line="207"><counter type="INSTRUCTION" missed="0" covered="4"/><counter type="LINE" missed="0" covered="1"/><counter type="COMPLEXITY" missed="0" covered="1"/><counter type="METHOD" missed="0" covered="1"/></method><counter type="INSTRUCTION" missed="47" covered="725"/><counter type="BRANCH" missed="3" covered="41"/><counter type="LINE" missed="8" covered="113"/><counter type="COMPLEXITY" missed="3" covered="36"/><counter type="METHOD" missed="1" covered="16"/><counter type="CLASS" missed="0" covered="1"/></class><sourcefile name="AdvancedController.java"><line nr="14" mi="0" ci="2" mb="0" cb="0"/><line nr="16" mi="0" ci="6" mb="0" cb="0"/><line nr="21" mi="0" ci="7" mb="0" cb="0"/><line nr="22" mi="0" ci="4" mb="0" cb="0"/><line nr="23" mi="0" ci="4" mb="0" cb="0"/><line nr="25" mi="0" ci="6" mb="0" cb="0"/><line nr="26" mi="0" ci="14" mb="0" cb="2"/><line nr="27" mi="0" ci="2" mb="0" cb="0"/><line nr="28" mi="0" ci="4" mb="0" cb="0"/><line nr="29" mi="0" ci="6" mb="0" cb="0"/><line nr="30" mi="0" ci="19" mb="0" cb="2"/><line nr="31" mi="0" ci="3" mb="1" cb="1"/><line nr="32" mi="0" ci="3" mb="0" cb="0"/><line nr="33" mi="0" ci="4" mb="0" cb="0"/><line nr="34" mi="0" ci="8" mb="0" cb="0"/><line nr="35" mi="0" ci="8" mb="0" cb="0"/><line nr="39" mi="0" ci="1" mb="0" cb="0"/><line nr="42" mi="0" ci="2" mb="0" cb="0"/><line nr="43" mi="0" ci="4" mb="0" cb="0"/><line nr="44" mi="0" ci="5" mb="0" cb="2"/><line nr="45" mi="0" ci="5" mb="0" cb="0"/><line nr="46" mi="0" ci="2" mb="0" cb="0"/><line nr="48" mi="0" ci="2" mb="0" cb="0"/><line nr="52" mi="0" ci="4" mb="0" cb="0"/><line nr="53" mi="0" ci="4" mb="0" cb="0"/><line nr="54" mi="0" ci="5" mb="0" cb="2"/><line nr="55" mi="0" ci="2" mb="0" cb="0"/><line nr="56" mi="0" ci="5" mb="0" cb="0"/><line nr="57" mi="0" ci="4" mb="0" cb="0"/><line nr="58" mi="0" ci="16" mb="0" cb="2"/><line nr="59" mi="0" ci="1" mb="0" cb="0"/><line nr="61" mi="0" ci="7" mb="0" cb="0"/><line nr="62" mi="0" ci="1" mb="0" cb="0"/><line nr="63" mi="0" ci="2" mb="0" cb="0"/><line nr="67" mi="0" ci="6" mb="0" cb="0"/><line nr="68" mi="0" ci="6" mb="0" cb="0"/><line nr="69" mi="0" ci="1" mb="0" cb="0"/><line nr="72" mi="0" ci="5" mb="0" cb="0"/><line nr="73" mi="0" ci="7" mb="0" cb="0"/><line nr="74" mi="0" ci="2" mb="0" cb="0"/><line nr="75" mi="0" ci="2" mb="0" cb="0"/><line nr="76" mi="0" ci="2" mb="0" cb="0"/><line nr="80" mi="0" ci="14" mb="0" cb="2"/><line nr="81" mi="0" ci="2" mb="0" cb="0"/><line nr="82" mi="0" ci="14" mb="0" cb="2"/><line nr="83" mi="0" ci="6" mb="0" cb="0"/><line nr="84" mi="0" ci="6" mb="0" cb="0"/><line nr="87" mi="0" ci="1" mb="0" cb="0"/><line nr="92" mi="0" ci="7" mb="0" cb="0"/><line nr="93" mi="0" ci="16" mb="0" cb="2"/><line nr="94" mi="0" ci="18" mb="0" cb="2"/><line nr="95" mi="0" ci="11" mb="0" cb="0"/><line nr="96" mi="0" ci="11" mb="0" cb="0"/><line nr="97" mi="0" ci="8" mb="0" cb="2"/><line nr="98" mi="0" ci="10" mb="0" cb="0"/><line nr="99" mi="0" ci="10" mb="0" cb="0"/><line nr="101" mi="0" ci="13" mb="0" cb="0"/><line nr="102" mi="0" ci="13" mb="0" cb="0"/><line nr="105" mi="0" ci="2" mb="0" cb="0"/><line nr="106" mi="0" ci="1" mb="0" cb="0"/><line nr="109" mi="0" ci="4" mb="0" cb="0"/><line nr="110" mi="0" ci="5" mb="0" cb="0"/><line nr="111" mi="0" ci="2" mb="0" cb="0"/><line nr="113" mi="0" ci="5" mb="0" cb="0"/><line nr="114" mi="0" ci="5" mb="0" cb="0"/><line nr="115" mi="1" ci="0" mb="0" cb="0"/><line nr="116" mi="2" ci="0" mb="0" cb="0"/><line nr="119" mi="0" ci="2" mb="0" cb="0"/><line nr="120" mi="0" ci="2" mb="0" cb="0"/><line nr="121" mi="1" ci="0" mb="0" cb="0"/><line nr="122" mi="0" ci="1" mb="0" cb="0"/><line nr="124" mi="0" ci="1" mb="0" cb="0"/><line nr="127" mi="0" ci="3" mb="0" cb="0"/><line nr="128" mi="0" ci="16" mb="0" cb="2"/><line nr="129" mi="0" ci="3" mb="0" cb="0"/><line nr="130" mi="0" ci="15" mb="0" cb="2"/><line nr="131" mi="0" ci="22" mb="0" cb="0"/><line nr="132" mi="0" ci="5" mb="0" cb="0"/><line nr="134" mi="0" ci="4" mb="0" cb="0"/><line nr="136" mi="0" ci="3" mb="0" cb="0"/><line nr="140" mi="0" ci="4" mb="0" cb="0"/><line nr="144" mi="0" ci="2" mb="0" cb="0"/><line nr="145" mi="0" ci="2" mb="0" cb="0"/><line nr="147" mi="0" ci="5" mb="0" cb="0"/><line nr="149" mi="0" ci="16" mb="0" cb="2"/><line nr="150" mi="0" ci="18" mb="0" cb="2"/><line nr="151" mi="0" ci="2" mb="0" cb="0"/><line nr="152" mi="0" ci="2" mb="0" cb="0"/><line nr="153" mi="0" ci="13" mb="0" cb="0"/><line nr="154" mi="0" ci="3" mb="0" cb="0"/><line nr="155" mi="0" ci="3" mb="0" cb="2"/><line nr="156" mi="0" ci="5" mb="0" cb="0"/><line nr="157" mi="0" ci="3" mb="0" cb="2"/><line nr="158" mi="0" ci="1" mb="0" cb="0"/><line nr="159" mi="0" ci="1" mb="0" cb="0"/><line nr="160" mi="0" ci="2" mb="0" cb="0"/><line nr="163" mi="0" ci="2" mb="0" cb="2"/><line nr="164" mi="0" ci="23" mb="0" cb="0"/><line nr="169" mi="0" ci="11" mb="0" cb="0"/><line nr="170" mi="0" ci="3" mb="0" cb="0"/><line nr="174" mi="2" ci="0" mb="0" cb="0"/><line nr="175" mi="14" ci="0" mb="2" cb="0"/><line nr="176" mi="13" ci="0" mb="0" cb="0"/><line nr="177" mi="13" ci="0" mb="0" cb="0"/><line nr="179" mi="1" ci="0" mb="0" cb="0"/><line nr="182" mi="0" ci="4" mb="0" cb="0"/><line nr="183" mi="0" ci="16" mb="0" cb="2"/><line nr="184" mi="0" ci="2" mb="0" cb="0"/><line nr="185" mi="0" ci="18" mb="0" cb="2"/><line nr="186" mi="0" ci="22" mb="0" cb="0"/><line nr="187" mi="0" ci="3" mb="0" cb="0"/><line nr="189" mi="0" ci="2" mb="0" cb="0"/><line nr="190" mi="0" ci="6" mb="0" cb="0"/><line nr="192" mi="0" ci="1" mb="0" cb="0"/><line nr="195" mi="0" ci="21" mb="0" cb="2"/><line nr="196" mi="0" ci="8" mb="0" cb="0"/><line nr="197" mi="0" ci="14" mb="0" cb="0"/><line nr="198" mi="0" ci="14" mb="0" cb="0"/><line nr="200" mi="0" ci="1" mb="0" cb="0"/><line nr="203" mi="0" ci="4" mb="0" cb="0"/><line nr="207" mi="0" ci="4" mb="0" cb="0"/><counter type="INSTRUCTION" missed="47" covered="725"/><counter type="BRANCH" missed="3" covered="41"/><counter type="LINE" missed="8" covered="113"/><counter type="COMPLEXITY" missed="3" covered="36"/><counter type="METHOD" missed="1" covered="16"/><counter type="CLASS" missed="0" covered="1"/></sourcefile><counter type="INSTRUCTION" missed="47" covered="725"/><counter type="BRANCH" missed="3" covered="41"/><counter type="LINE" missed="8" covered="113"/><counter type="COMPLEXITY" missed="3" covered="36"/><counter type="METHOD" missed="1" covered="16"/><counter type="CLASS" missed="0" covered="1"/></package><counter type="INSTRUCTION" missed="47" covered="725"/><counter type="BRANCH" missed="3" covered="41"/><counter type="LINE" missed="8" covered="113"/><counter type="COMPLEXITY" missed="3" covered="36"/><counter type="METHOD" missed="1" covered="16"/><counter type="CLASS" missed="0" covered="1"/></report>